# JRE version: OpenJDK Runtime Environment (17.0.6) (build 17.0.6+0-b2043.56-10027231)
# Java VM: OpenJDK 64-Bit Server VM (17.0.6+0-b2043.56-10027231, mixed mode, tiered, compressed oops, compressed class ptrs, g1 gc, windows-amd64)
GC Precious Log:
 CPUs: 8 total, 8 available
 Memory: 8068M
 Large Page Support: Disabled
 NUMA Support: Disabled
 Compressed Oops: Enabled (Zero based)
 Heap Region Size: 2M
 Heap Min Capacity: 8M
 Heap Initial Capacity: 128M
 Heap Max Capacity: 4G
 Pre-touch: Disabled
 Parallel Workers: 8
 Concurrent Workers: 2
 Concurrent Refinement Workers: 8
 Periodic GC: Disabled
Heap:
 garbage-first heap   total 438272K, used 408517K [0x0000000700000000, 0x0000000800000000)
  region size 2048K, 21 young (43008K), 2 survivors (4096K)
 Metaspace       used 122220K, committed 123584K, reserved 1163264K
  class space    used 16306K, committed 16960K, reserved 1048576K
GC Heap History (20 events):
Event: 13.940 GC heap before
{Heap before GC invocations=45 (full 0):
 garbage-first heap   total 194560K, used 152347K [0x0000000700000000, 0x0000000800000000)
  region size 2048K, 21 young (43008K), 1 survivors (2048K)
 Metaspace       used 107658K, committed 108480K, reserved 1146880K
  class space    used 14712K, committed 15104K, reserved 1048576K
}
Event: 13.945 GC heap after
{Heap after GC invocations=46 (full 0):
 garbage-first heap   total 194560K, used 117736K [0x0000000700000000, 0x0000000800000000)
  region size 2048K, 3 young (6144K), 3 survivors (6144K)
 Metaspace       used 107658K, committed 108480K, reserved 1146880K
  class space    used 14712K, committed 15104K, reserved 1048576K
}
Event: 23.506 GC heap before
{Heap before GC invocations=47 (full 0):
 garbage-first heap   total 215040K, used 152552K [0x0000000700000000, 0x0000000800000000)
  region size 2048K, 21 young (43008K), 3 survivors (6144K)
 Metaspace       used 108740K, committed 109632K, reserved 1146880K
  class space    used 14929K, committed 15360K, reserved 1048576K
}
Event: 23.513 GC heap after
{Heap after GC invocations=48 (full 0):
 garbage-first heap   total 215040K, used 120349K [0x0000000700000000, 0x0000000800000000)
  region size 2048K, 2 young (4096K), 2 survivors (4096K)
 Metaspace       used 108740K, committed 109632K, reserved 1146880K
  class space    used 14929K, committed 15360K, reserved 1048576K
}
Event: 23.599 GC heap before
{Heap before GC invocations=48 (full 0):
 garbage-first heap   total 215040K, used 124445K [0x0000000700000000, 0x0000000800000000)
  region size 2048K, 5 young (10240K), 2 survivors (4096K)
 Metaspace       used 108811K, committed 109696K, reserved 1146880K
  class space    used 14934K, committed 15360K, reserved 1048576K
}
Event: 23.602 GC heap after
{Heap after GC invocations=49 (full 0):
 garbage-first heap   total 215040K, used 120236K [0x0000000700000000, 0x0000000800000000)
  region size 2048K, 1 young (2048K), 1 survivors (2048K)
 Metaspace       used 108811K, committed 109696K, reserved 1146880K
  class space    used 14934K, committed 15360K, reserved 1048576K
}
Event: 25.149 GC heap before
{Heap before GC invocations=49 (full 0):
 garbage-first heap   total 215040K, used 171436K [0x0000000700000000, 0x0000000800000000)
  region size 2048K, 27 young (55296K), 1 survivors (2048K)
 Metaspace       used 110075K, committed 110976K, reserved 1146880K
  class space    used 15076K, committed 15488K, reserved 1048576K
}
Event: 25.154 GC heap after
{Heap after GC invocations=50 (full 0):
 garbage-first heap   total 462848K, used 123752K [0x0000000700000000, 0x0000000800000000)
  region size 2048K, 3 young (6144K), 3 survivors (6144K)
 Metaspace       used 110075K, committed 110976K, reserved 1146880K
  class space    used 15076K, committed 15488K, reserved 1048576K
}
Event: 28.423 GC heap before
{Heap before GC invocations=51 (full 0):
 garbage-first heap   total 438272K, used 408424K [0x0000000700000000, 0x0000000800000000)
  region size 2048K, 57 young (116736K), 3 survivors (6144K)
 Metaspace       used 114900K, committed 115776K, reserved 1155072K
  class space    used 15684K, committed 16064K, reserved 1048576K
}
Event: 28.437 GC heap after
{Heap after GC invocations=52 (full 0):
 garbage-first heap   total 438272K, used 158965K [0x0000000700000000, 0x0000000800000000)
  region size 2048K, 7 young (14336K), 7 survivors (14336K)
 Metaspace       used 114900K, committed 115776K, reserved 1155072K
  class space    used 15684K, committed 16064K, reserved 1048576K
}
Event: 28.854 GC heap before
{Heap before GC invocations=52 (full 0):
 garbage-first heap   total 438272K, used 204021K [0x0000000700000000, 0x0000000800000000)
  region size 2048K, 10 young (20480K), 7 survivors (14336K)
 Metaspace       used 115062K, committed 115968K, reserved 1155072K
  class space    used 15711K, committed 16128K, reserved 1048576K
}
Event: 28.861 GC heap after
{Heap after GC invocations=53 (full 0):
 garbage-first heap   total 438272K, used 133998K [0x0000000700000000, 0x0000000800000000)
  region size 2048K, 2 young (4096K), 2 survivors (4096K)
 Metaspace       used 115062K, committed 115968K, reserved 1155072K
  class space    used 15711K, committed 16128K, reserved 1048576K
}
Event: 1035.443 GC heap before
{Heap before GC invocations=53 (full 0):
 garbage-first heap   total 438272K, used 320366K [0x0000000700000000, 0x0000000800000000)
  region size 2048K, 94 young (192512K), 2 survivors (4096K)
 Metaspace       used 120103K, committed 121216K, reserved 1155072K
  class space    used 16108K, committed 16640K, reserved 1048576K
}
Event: 1035.471 GC heap after
{Heap after GC invocations=54 (full 0):
 garbage-first heap   total 438272K, used 148788K [0x0000000700000000, 0x0000000800000000)
  region size 2048K, 9 young (18432K), 9 survivors (18432K)
 Metaspace       used 120103K, committed 121216K, reserved 1155072K
  class space    used 16108K, committed 16640K, reserved 1048576K
}
Event: 1067.299 GC heap before
{Heap before GC invocations=54 (full 0):
 garbage-first heap   total 438272K, used 345396K [0x0000000700000000, 0x0000000800000000)
  region size 2048K, 105 young (215040K), 9 survivors (18432K)
 Metaspace       used 121341K, committed 122560K, reserved 1163264K
  class space    used 16231K, committed 16832K, reserved 1048576K
}
Event: 1067.313 GC heap after
{Heap after GC invocations=55 (full 0):
 garbage-first heap   total 438272K, used 140319K [0x0000000700000000, 0x0000000800000000)
  region size 2048K, 3 young (6144K), 3 survivors (6144K)
 Metaspace       used 121341K, committed 122560K, reserved 1163264K
  class space    used 16231K, committed 16832K, reserved 1048576K
}
Event: 1075.980 GC heap before
{Heap before GC invocations=55 (full 0):
 garbage-first heap   total 438272K, used 265247K [0x0000000700000000, 0x0000000800000000)
  region size 2048K, 66 young (135168K), 3 survivors (6144K)
 Metaspace       used 121929K, committed 123264K, reserved 1163264K
  class space    used 16290K, committed 16896K, reserved 1048576K
}
Event: 1076.014 GC heap after
{Heap after GC invocations=56 (full 0):
 garbage-first heap   total 438272K, used 153999K [0x0000000700000000, 0x0000000800000000)
  region size 2048K, 10 young (20480K), 10 survivors (20480K)
 Metaspace       used 121929K, committed 123264K, reserved 1163264K
  class space    used 16290K, committed 16896K, reserved 1048576K
}
Event: 1076.344 GC heap before
{Heap before GC invocations=56 (full 0):
 garbage-first heap   total 438272K, used 223631K [0x0000000700000000, 0x0000000800000000)
  region size 2048K, 24 young (49152K), 10 survivors (20480K)
 Metaspace       used 122087K, committed 123456K, reserved 1163264K
  class space    used 16299K, committed 16960K, reserved 1048576K
}
Event: 1076.410 GC heap after
{Heap after GC invocations=57 (full 0):
 garbage-first heap   total 438272K, used 201669K [0x0000000700000000, 0x0000000800000000)
  region size 2048K, 2 young (4096K), 2 survivors (4096K)
 Metaspace       used 122087K, committed 123456K, reserved 1163264K
  class space    used 16299K, committed 16960K, reserved 1048576K
}

