# JRE version: OpenJDK Runtime Environment (17.0.6) (build 17.0.6+0-b2043.56-10027231)
# Java VM: OpenJDK 64-Bit Server VM (17.0.6+0-b2043.56-10027231, mixed mode, tiered, compressed oops, compressed class ptrs, g1 gc, windows-amd64)
GC Precious Log:
 CPUs: 8 total, 8 available
 Memory: 8068M
 Large Page Support: Disabled
 NUMA Support: Disabled
 Compressed Oops: Enabled (Zero based)
 Heap Region Size: 2M
 Heap Min Capacity: 8M
 Heap Initial Capacity: 128M
 Heap Max Capacity: 4G
 Pre-touch: Disabled
 Parallel Workers: 8
 Concurrent Workers: 2
 Concurrent Refinement Workers: 8
 Periodic GC: Disabled
Heap:
 garbage-first heap   total 819200K, used 307064K [0x0000000700000000, 0x0000000800000000)
  region size 2048K, 17 young (34816K), 17 survivors (34816K)
 Metaspace       used 157457K, committed 158528K, reserved 1187840K
  class space    used 20934K, committed 21440K, reserved 1048576K
GC Heap History (20 events):
Event: 115.129 GC heap after
{Heap after GC invocations=71 (full 0):
 garbage-first heap   total 540672K, used 266765K [0x0000000700000000, 0x0000000800000000)
  region size 2048K, 6 young (12288K), 6 survivors (12288K)
 Metaspace       used 146555K, committed 147584K, reserved 1179648K
  class space    used 19355K, committed 19840K, reserved 1048576K
}
Event: 115.326 GC heap before
{Heap before GC invocations=71 (full 0):
 garbage-first heap   total 540672K, used 279053K [0x0000000700000000, 0x0000000800000000)
  region size 2048K, 14 young (28672K), 6 survivors (12288K)
 Metaspace       used 148364K, committed 149376K, reserved 1179648K
  class space    used 19740K, committed 20224K, reserved 1048576K
}
Event: 115.341 GC heap after
{Heap after GC invocations=72 (full 0):
 garbage-first heap   total 649216K, used 267246K [0x0000000700000000, 0x0000000800000000)
  region size 2048K, 2 young (4096K), 2 survivors (4096K)
 Metaspace       used 148364K, committed 149376K, reserved 1179648K
  class space    used 19740K, committed 20224K, reserved 1048576K
}
Event: 117.944 GC heap before
{Heap before GC invocations=72 (full 0):
 garbage-first heap   total 649216K, used 519150K [0x0000000700000000, 0x0000000800000000)
  region size 2048K, 126 young (258048K), 2 survivors (4096K)
 Metaspace       used 155783K, committed 156928K, reserved 1187840K
  class space    used 20777K, committed 21312K, reserved 1048576K
}
Event: 118.012 GC heap after
{Heap after GC invocations=73 (full 0):
 garbage-first heap   total 649216K, used 292269K [0x0000000700000000, 0x0000000800000000)
  region size 2048K, 14 young (28672K), 14 survivors (28672K)
 Metaspace       used 155783K, committed 156928K, reserved 1187840K
  class space    used 20777K, committed 21312K, reserved 1048576K
}
Event: 119.412 GC heap before
{Heap before GC invocations=73 (full 0):
 garbage-first heap   total 649216K, used 519597K [0x0000000700000000, 0x0000000800000000)
  region size 2048K, 126 young (258048K), 14 survivors (28672K)
 Metaspace       used 156262K, committed 157312K, reserved 1187840K
  class space    used 20832K, committed 21312K, reserved 1048576K
}
Event: 119.468 GC heap after
{Heap after GC invocations=74 (full 0):
 garbage-first heap   total 649216K, used 305302K [0x0000000700000000, 0x0000000800000000)
  region size 2048K, 8 young (16384K), 8 survivors (16384K)
 Metaspace       used 156262K, committed 157312K, reserved 1187840K
  class space    used 20832K, committed 21312K, reserved 1048576K
}
Event: 120.376 GC heap before
{Heap before GC invocations=74 (full 0):
 garbage-first heap   total 649216K, used 524438K [0x0000000700000000, 0x0000000800000000)
  region size 2048K, 116 young (237568K), 8 survivors (16384K)
 Metaspace       used 156759K, committed 157824K, reserved 1187840K
  class space    used 20870K, committed 21376K, reserved 1048576K
}
Event: 120.415 GC heap after
{Heap after GC invocations=75 (full 0):
 garbage-first heap   total 649216K, used 323584K [0x0000000700000000, 0x0000000800000000)
  region size 2048K, 15 young (30720K), 15 survivors (30720K)
 Metaspace       used 156759K, committed 157824K, reserved 1187840K
  class space    used 20870K, committed 21376K, reserved 1048576K
}
Event: 120.925 GC heap before
{Heap before GC invocations=75 (full 0):
 garbage-first heap   total 649216K, used 528384K [0x0000000700000000, 0x0000000800000000)
  region size 2048K, 116 young (237568K), 15 survivors (30720K)
 Metaspace       used 156886K, committed 157952K, reserved 1187840K
  class space    used 20890K, committed 21376K, reserved 1048576K
}
Event: 121.017 GC heap after
{Heap after GC invocations=76 (full 0):
 garbage-first heap   total 819200K, used 343618K [0x0000000700000000, 0x0000000800000000)
  region size 2048K, 11 young (22528K), 11 survivors (22528K)
 Metaspace       used 156886K, committed 157952K, reserved 1187840K
  class space    used 20890K, committed 21376K, reserved 1048576K
}
Event: 124.088 GC heap before
{Heap before GC invocations=77 (full 0):
 garbage-first heap   total 819200K, used 572994K [0x0000000700000000, 0x0000000800000000)
  region size 2048K, 170 young (348160K), 11 survivors (22528K)
 Metaspace       used 157034K, committed 158144K, reserved 1187840K
  class space    used 20903K, committed 21440K, reserved 1048576K
}
Event: 124.136 GC heap after
{Heap after GC invocations=78 (full 0):
 garbage-first heap   total 819200K, used 263305K [0x0000000700000000, 0x0000000800000000)
  region size 2048K, 18 young (36864K), 18 survivors (36864K)
 Metaspace       used 157034K, committed 158144K, reserved 1187840K
  class space    used 20903K, committed 21440K, reserved 1048576K
}
Event: 124.150 GC heap before
{Heap before GC invocations=78 (full 0):
 garbage-first heap   total 819200K, used 267401K [0x0000000700000000, 0x0000000800000000)
  region size 2048K, 20 young (40960K), 18 survivors (36864K)
 Metaspace       used 157044K, committed 158144K, reserved 1187840K
  class space    used 20904K, committed 21440K, reserved 1048576K
}
Event: 124.208 GC heap after
{Heap after GC invocations=79 (full 0):
 garbage-first heap   total 819200K, used 261274K [0x0000000700000000, 0x0000000800000000)
  region size 2048K, 3 young (6144K), 3 survivors (6144K)
 Metaspace       used 157044K, committed 158144K, reserved 1187840K
  class space    used 20904K, committed 21440K, reserved 1048576K
}
Event: 125.252 GC heap before
{Heap before GC invocations=79 (full 0):
 garbage-first heap   total 819200K, used 642202K [0x0000000700000000, 0x0000000800000000)
  region size 2048K, 190 young (389120K), 3 survivors (6144K)
 Metaspace       used 157303K, committed 158400K, reserved 1187840K
  class space    used 20930K, committed 21440K, reserved 1048576K
}
Event: 125.287 GC heap after
{Heap after GC invocations=80 (full 0):
 garbage-first heap   total 819200K, used 279555K [0x0000000700000000, 0x0000000800000000)
  region size 2048K, 12 young (24576K), 12 survivors (24576K)
 Metaspace       used 157303K, committed 158400K, reserved 1187840K
  class space    used 20930K, committed 21440K, reserved 1048576K
}
Event: 126.120 GC heap before
{Heap before GC invocations=80 (full 0):
 garbage-first heap   total 819200K, used 650243K [0x0000000700000000, 0x0000000800000000)
  region size 2048K, 194 young (397312K), 12 survivors (24576K)
 Metaspace       used 157387K, committed 158464K, reserved 1187840K
  class space    used 20931K, committed 21440K, reserved 1048576K
}
Event: 126.180 GC heap after
{Heap after GC invocations=81 (full 0):
 garbage-first heap   total 819200K, used 300690K [0x0000000700000000, 0x0000000800000000)
  region size 2048K, 22 young (45056K), 22 survivors (45056K)
 Metaspace       used 157387K, committed 158464K, reserved 1187840K
  class space    used 20931K, committed 21440K, reserved 1048576K
}
Event: 127.077 GC heap before
{Heap before GC invocations=81 (full 0):
 garbage-first heap   total 819200K, used 659090K [0x0000000700000000, 0x0000000800000000)
  region size 2048K, 198 young (405504K), 22 survivors (45056K)
 Metaspace       used 157457K, committed 158528K, reserved 1187840K
  class space    used 20934K, committed 21440K, reserved 1048576K
}

