# JRE version: OpenJDK Runtime Environment (17.0.6) (build 17.0.6+0-b2043.56-10027231)
# Java VM: OpenJDK 64-Bit Server VM (17.0.6+0-b2043.56-10027231, mixed mode, tiered, compressed oops, compressed class ptrs, g1 gc, windows-amd64)
GC Precious Log:
 CPUs: 8 total, 8 available
 Memory: 8068M
 Large Page Support: Disabled
 NUMA Support: Disabled
 Compressed Oops: Enabled (Zero based)
 Heap Region Size: 2M
 Heap Min Capacity: 8M
 Heap Initial Capacity: 128M
 Heap Max Capacity: 4G
 Pre-touch: Disabled
 Parallel Workers: 8
 Concurrent Workers: 2
 Concurrent Refinement Workers: 8
 Periodic GC: Disabled
Heap:
 garbage-first heap   total 342016K, used 279971K [0x0000000700000000, 0x0000000800000000)
  region size 2048K, 86 young (176128K), 1 survivors (2048K)
 Metaspace       used 120079K, committed 121024K, reserved 1155072K
  class space    used 16016K, committed 16512K, reserved 1048576K
GC Heap History (20 events):
Event: 30.332 GC heap before
{Heap before GC invocations=47 (full 0):
 garbage-first heap   total 270336K, used 248995K [0x0000000700000000, 0x0000000800000000)
  region size 2048K, 23 young (47104K), 4 survivors (8192K)
 Metaspace       used 113074K, committed 113920K, reserved 1155072K
  class space    used 15391K, committed 15808K, reserved 1048576K
}
Event: 30.341 GC heap after
{Heap after GC invocations=48 (full 0):
 garbage-first heap   total 270336K, used 217482K [0x0000000700000000, 0x0000000800000000)
  region size 2048K, 4 young (8192K), 4 survivors (8192K)
 Metaspace       used 113074K, committed 113920K, reserved 1155072K
  class space    used 15391K, committed 15808K, reserved 1048576K
}
Event: 30.375 GC heap before
{Heap before GC invocations=48 (full 0):
 garbage-first heap   total 270336K, used 221578K [0x0000000700000000, 0x0000000800000000)
  region size 2048K, 7 young (14336K), 4 survivors (8192K)
 Metaspace       used 113096K, committed 113984K, reserved 1155072K
  class space    used 15391K, committed 15808K, reserved 1048576K
}
Event: 30.382 GC heap after
{Heap after GC invocations=49 (full 0):
 garbage-first heap   total 325632K, used 217678K [0x0000000700000000, 0x0000000800000000)
  region size 2048K, 1 young (2048K), 1 survivors (2048K)
 Metaspace       used 113096K, committed 113984K, reserved 1155072K
  class space    used 15391K, committed 15808K, reserved 1048576K
}
Event: 32.617 GC heap before
{Heap before GC invocations=49 (full 0):
 garbage-first heap   total 325632K, used 258638K [0x0000000700000000, 0x0000000800000000)
  region size 2048K, 23 young (47104K), 1 survivors (2048K)
 Metaspace       used 114937K, committed 115840K, reserved 1155072K
  class space    used 15650K, committed 16064K, reserved 1048576K
}
Event: 32.628 GC heap after
{Heap after GC invocations=50 (full 0):
 garbage-first heap   total 325632K, used 220222K [0x0000000700000000, 0x0000000800000000)
  region size 2048K, 2 young (4096K), 2 survivors (4096K)
 Metaspace       used 114937K, committed 115840K, reserved 1155072K
  class space    used 15650K, committed 16064K, reserved 1048576K
}
Event: 34.398 GC heap before
{Heap before GC invocations=51 (full 0):
 garbage-first heap   total 342016K, used 328766K [0x0000000700000000, 0x0000000800000000)
  region size 2048K, 17 young (34816K), 2 survivors (4096K)
 Metaspace       used 118000K, committed 118912K, reserved 1155072K
  class space    used 15952K, committed 16384K, reserved 1048576K
}
Event: 34.404 GC heap after
{Heap after GC invocations=52 (full 0):
 garbage-first heap   total 342016K, used 131297K [0x0000000700000000, 0x0000000800000000)
  region size 2048K, 3 young (6144K), 3 survivors (6144K)
 Metaspace       used 118000K, committed 118912K, reserved 1155072K
  class space    used 15952K, committed 16384K, reserved 1048576K
}
Event: 201.947 GC heap before
{Heap before GC invocations=52 (full 0):
 garbage-first heap   total 342016K, used 139489K [0x0000000700000000, 0x0000000800000000)
  region size 2048K, 8 young (16384K), 3 survivors (6144K)
 Metaspace       used 119017K, committed 120000K, reserved 1155072K
  class space    used 16009K, committed 16512K, reserved 1048576K
}
Event: 202.014 GC heap after
{Heap after GC invocations=53 (full 0):
 garbage-first heap   total 342016K, used 130939K [0x0000000700000000, 0x0000000800000000)
  region size 2048K, 1 young (2048K), 1 survivors (2048K)
 Metaspace       used 119017K, committed 120000K, reserved 1155072K
  class space    used 16009K, committed 16512K, reserved 1048576K
}
Event: 4081.927 GC heap before
{Heap before GC invocations=53 (full 0):
 garbage-first heap   total 342016K, used 276347K [0x0000000700000000, 0x0000000800000000)
  region size 2048K, 72 young (147456K), 1 survivors (2048K)
 Metaspace       used 119241K, committed 120192K, reserved 1155072K
  class space    used 16010K, committed 16512K, reserved 1048576K
}
Event: 4081.953 GC heap after
{Heap after GC invocations=54 (full 0):
 garbage-first heap   total 342016K, used 130351K [0x0000000700000000, 0x0000000800000000)
  region size 2048K, 1 young (2048K), 1 survivors (2048K)
 Metaspace       used 119241K, committed 120192K, reserved 1155072K
  class space    used 16010K, committed 16512K, reserved 1048576K
}
Event: 8501.567 GC heap before
{Heap before GC invocations=54 (full 0):
 garbage-first heap   total 342016K, used 294191K [0x0000000700000000, 0x0000000800000000)
  region size 2048K, 81 young (165888K), 1 survivors (2048K)
 Metaspace       used 119244K, committed 120192K, reserved 1155072K
  class space    used 16010K, committed 16512K, reserved 1048576K
}
Event: 8501.667 GC heap after
{Heap after GC invocations=55 (full 0):
 garbage-first heap   total 342016K, used 130212K [0x0000000700000000, 0x0000000800000000)
  region size 2048K, 1 young (2048K), 1 survivors (2048K)
 Metaspace       used 119244K, committed 120192K, reserved 1155072K
  class space    used 16010K, committed 16512K, reserved 1048576K
}
Event: 8882.160 GC heap before
{Heap before GC invocations=56 (full 0):
 garbage-first heap   total 342016K, used 294052K [0x0000000700000000, 0x0000000800000000)
  region size 2048K, 82 young (167936K), 1 survivors (2048K)
 Metaspace       used 119321K, committed 120320K, reserved 1155072K
  class space    used 15928K, committed 16512K, reserved 1048576K
}
Event: 8882.194 GC heap after
{Heap after GC invocations=57 (full 0):
 garbage-first heap   total 342016K, used 139733K [0x0000000700000000, 0x0000000800000000)
  region size 2048K, 5 young (10240K), 5 survivors (10240K)
 Metaspace       used 119321K, committed 120320K, reserved 1155072K
  class space    used 15928K, committed 16512K, reserved 1048576K
}
Event: 8882.227 GC heap before
{Heap before GC invocations=57 (full 0):
 garbage-first heap   total 342016K, used 145877K [0x0000000700000000, 0x0000000800000000)
  region size 2048K, 8 young (16384K), 5 survivors (10240K)
 Metaspace       used 119321K, committed 120320K, reserved 1155072K
  class space    used 15928K, committed 16512K, reserved 1048576K
}
Event: 8882.376 GC heap after
{Heap after GC invocations=58 (full 0):
 garbage-first heap   total 342016K, used 116764K [0x0000000700000000, 0x0000000800000000)
  region size 2048K, 1 young (2048K), 1 survivors (2048K)
 Metaspace       used 119321K, committed 120320K, reserved 1155072K
  class space    used 15928K, committed 16512K, reserved 1048576K
}
Event: 8882.422 GC heap before
{Heap before GC invocations=58 (full 0):
 garbage-first heap   total 342016K, used 131100K [0x0000000700000000, 0x0000000800000000)
  region size 2048K, 8 young (16384K), 1 survivors (2048K)
 Metaspace       used 119360K, committed 120384K, reserved 1155072K
  class space    used 15940K, committed 16512K, reserved 1048576K
}
Event: 8882.439 GC heap after
{Heap after GC invocations=59 (full 0):
 garbage-first heap   total 342016K, used 109987K [0x0000000700000000, 0x0000000800000000)
  region size 2048K, 1 young (2048K), 1 survivors (2048K)
 Metaspace       used 119360K, committed 120384K, reserved 1155072K
  class space    used 15940K, committed 16512K, reserved 1048576K
}

