# JRE version: OpenJDK Runtime Environment (17.0.6) (build 17.0.6+0-b2043.56-10027231)
# Java VM: OpenJDK 64-Bit Server VM (17.0.6+0-b2043.56-10027231, mixed mode, tiered, compressed oops, compressed class ptrs, g1 gc, windows-amd64)
GC Precious Log:
 CPUs: 8 total, 8 available
 Memory: 8068M
 Large Page Support: Disabled
 NUMA Support: Disabled
 Compressed Oops: Enabled (Zero based)
 Heap Region Size: 2M
 Heap Min Capacity: 8M
 Heap Initial Capacity: 128M
 Heap Max Capacity: 4G
 Pre-touch: Disabled
 Parallel Workers: 8
 Concurrent Workers: 2
 Concurrent Refinement Workers: 8
 Periodic GC: Disabled
Heap:
 garbage-first heap   total 497664K, used 259728K [0x0000000700000000, 0x0000000800000000)
  region size 2048K, 56 young (114688K), 2 survivors (4096K)
 Metaspace       used 121321K, committed 122432K, reserved 1155072K
  class space    used 16155K, committed 16704K, reserved 1048576K
GC Heap History (20 events):
Event: 41.961 GC heap before
{Heap before GC invocations=52 (full 0):
 garbage-first heap   total 272384K, used 226193K [0x0000000700000000, 0x0000000800000000)
  region size 2048K, 7 young (14336K), 4 survivors (8192K)
 Metaspace       used 113077K, committed 113984K, reserved 1155072K
  class space    used 15409K, committed 15872K, reserved 1048576K
}
Event: 41.975 GC heap after
{Heap after GC invocations=53 (full 0):
 garbage-first heap   total 272384K, used 222462K [0x0000000700000000, 0x0000000800000000)
  region size 2048K, 1 young (2048K), 1 survivors (2048K)
 Metaspace       used 113077K, committed 113984K, reserved 1155072K
  class space    used 15409K, committed 15872K, reserved 1048576K
}
Event: 42.267 GC heap before
{Heap before GC invocations=53 (full 0):
 garbage-first heap   total 272384K, used 234750K [0x0000000700000000, 0x0000000800000000)
  region size 2048K, 9 young (18432K), 1 survivors (2048K)
 Metaspace       used 113258K, committed 114240K, reserved 1155072K
  class space    used 15420K, committed 15872K, reserved 1048576K
}
Event: 42.271 GC heap after
{Heap after GC invocations=54 (full 0):
 garbage-first heap   total 272384K, used 222410K [0x0000000700000000, 0x0000000800000000)
  region size 2048K, 1 young (2048K), 1 survivors (2048K)
 Metaspace       used 113258K, committed 114240K, reserved 1155072K
  class space    used 15420K, committed 15872K, reserved 1048576K
}
Event: 43.518 GC heap before
{Heap before GC invocations=54 (full 0):
 garbage-first heap   total 272384K, used 234698K [0x0000000700000000, 0x0000000800000000)
  region size 2048K, 8 young (16384K), 1 survivors (2048K)
 Metaspace       used 113741K, committed 114688K, reserved 1155072K
  class space    used 15479K, committed 15936K, reserved 1048576K
}
Event: 43.522 GC heap after
{Heap after GC invocations=55 (full 0):
 garbage-first heap   total 272384K, used 223988K [0x0000000700000000, 0x0000000800000000)
  region size 2048K, 1 young (2048K), 1 survivors (2048K)
 Metaspace       used 113741K, committed 114688K, reserved 1155072K
  class space    used 15479K, committed 15936K, reserved 1048576K
}
Event: 44.439 GC heap before
{Heap before GC invocations=55 (full 0):
 garbage-first heap   total 272384K, used 236276K [0x0000000700000000, 0x0000000800000000)
  region size 2048K, 7 young (14336K), 1 survivors (2048K)
 Metaspace       used 114740K, committed 115648K, reserved 1155072K
  class space    used 15631K, committed 16064K, reserved 1048576K
}
Event: 44.444 GC heap after
{Heap after GC invocations=56 (full 0):
 garbage-first heap   total 272384K, used 225737K [0x0000000700000000, 0x0000000800000000)
  region size 2048K, 1 young (2048K), 1 survivors (2048K)
 Metaspace       used 114740K, committed 115648K, reserved 1155072K
  class space    used 15631K, committed 16064K, reserved 1048576K
}
Event: 44.879 GC heap before
{Heap before GC invocations=57 (full 0):
 garbage-first heap   total 305152K, used 186825K [0x0000000700000000, 0x0000000800000000)
  region size 2048K, 6 young (12288K), 1 survivors (2048K)
 Metaspace       used 114909K, committed 115840K, reserved 1155072K
  class space    used 15660K, committed 16064K, reserved 1048576K
}
Event: 44.882 GC heap after
{Heap after GC invocations=58 (full 0):
 garbage-first heap   total 305152K, used 178988K [0x0000000700000000, 0x0000000800000000)
  region size 2048K, 1 young (2048K), 1 survivors (2048K)
 Metaspace       used 114909K, committed 115840K, reserved 1155072K
  class space    used 15660K, committed 16064K, reserved 1048576K
}
Event: 45.763 GC heap before
{Heap before GC invocations=58 (full 0):
 garbage-first heap   total 305152K, used 293676K [0x0000000700000000, 0x0000000800000000)
  region size 2048K, 4 young (8192K), 1 survivors (2048K)
 Metaspace       used 115027K, committed 115968K, reserved 1155072K
  class space    used 15673K, committed 16128K, reserved 1048576K
}
Event: 45.767 GC heap after
{Heap after GC invocations=59 (full 0):
 garbage-first heap   total 497664K, used 196826K [0x0000000700000000, 0x0000000800000000)
  region size 2048K, 1 young (2048K), 1 survivors (2048K)
 Metaspace       used 115027K, committed 115968K, reserved 1155072K
  class space    used 15673K, committed 16128K, reserved 1048576K
}
Event: 931.386 GC heap before
{Heap before GC invocations=59 (full 0):
 garbage-first heap   total 497664K, used 403674K [0x0000000700000000, 0x0000000800000000)
  region size 2048K, 96 young (196608K), 1 survivors (2048K)
 Metaspace       used 120169K, committed 121280K, reserved 1155072K
  class space    used 16095K, committed 16640K, reserved 1048576K
}
Event: 931.477 GC heap after
{Heap after GC invocations=60 (full 0):
 garbage-first heap   total 497664K, used 194982K [0x0000000700000000, 0x0000000800000000)
  region size 2048K, 9 young (18432K), 9 survivors (18432K)
 Metaspace       used 120169K, committed 121280K, reserved 1155072K
  class space    used 16095K, committed 16640K, reserved 1048576K
}
Event: 943.043 GC heap before
{Heap before GC invocations=60 (full 0):
 garbage-first heap   total 497664K, used 309670K [0x0000000700000000, 0x0000000800000000)
  region size 2048K, 44 young (90112K), 9 survivors (18432K)
 Metaspace       used 120523K, committed 121600K, reserved 1155072K
  class space    used 16113K, committed 16640K, reserved 1048576K
}
Event: 943.145 GC heap after
{Heap after GC invocations=61 (full 0):
 garbage-first heap   total 497664K, used 247208K [0x0000000700000000, 0x0000000800000000)
  region size 2048K, 3 young (6144K), 3 survivors (6144K)
 Metaspace       used 120523K, committed 121600K, reserved 1155072K
  class space    used 16113K, committed 16640K, reserved 1048576K
}
Event: 2749.060 GC heap before
{Heap before GC invocations=62 (full 0):
 garbage-first heap   total 497664K, used 472488K [0x0000000700000000, 0x0000000800000000)
  region size 2048K, 53 young (108544K), 3 survivors (6144K)
 Metaspace       used 120749K, committed 121856K, reserved 1155072K
  class space    used 16119K, committed 16640K, reserved 1048576K
}
Event: 2749.271 GC heap after
{Heap after GC invocations=63 (full 0):
 garbage-first heap   total 497664K, used 151944K [0x0000000700000000, 0x0000000800000000)
  region size 2048K, 3 young (6144K), 3 survivors (6144K)
 Metaspace       used 120749K, committed 121856K, reserved 1155072K
  class space    used 16119K, committed 16640K, reserved 1048576K
}
Event: 2751.446 GC heap before
{Heap before GC invocations=63 (full 0):
 garbage-first heap   total 497664K, used 168328K [0x0000000700000000, 0x0000000800000000)
  region size 2048K, 12 young (24576K), 3 survivors (6144K)
 Metaspace       used 120815K, committed 121856K, reserved 1155072K
  class space    used 16119K, committed 16640K, reserved 1048576K
}
Event: 2751.616 GC heap after
{Heap after GC invocations=64 (full 0):
 garbage-first heap   total 497664K, used 153232K [0x0000000700000000, 0x0000000800000000)
  region size 2048K, 2 young (4096K), 2 survivors (4096K)
 Metaspace       used 120815K, committed 121856K, reserved 1155072K
  class space    used 16119K, committed 16640K, reserved 1048576K
}

